2025-04-01 15:42:30,217      INFO 123180 --- [MainThread] [scrapy.utils.log] Scrapy 2.12.0 started (bot: job_scrap_20250401154230)
2025-04-01 15:42:30,609      INFO 123180 --- [MainThread] [scrapy.utils.log] Versions: lxml 5.3.1.0, libxml2 2.11.7, cssselect 1.3.0, parsel 1.10.0, w3lib 2.3.1, Twisted 24.11.0, Python 3.13.0 (tags/v3.13.0:60403a5, Oct  7 2024, 09:38:07) [MSC v.1941 64 bit (AMD64)], pyOpenSSL 25.0.0 (OpenSSL 3.4.1 11 Feb 2025), cryptography 44.0.2, Platform Windows-11-10.0.22631-SP0
2025-04-01 15:42:30,612      INFO 123180 --- [MainThread] [job_spider] self.custom_settings : None
2025-04-01 15:42:30,613      INFO 123180 --- [MainThread] [job_spider] kwargs : {}
2025-04-01 15:42:30,613      INFO 123180 --- [MainThread] [scrapy.addons] Enabled addons:
[]
2025-04-01 15:42:30,614     DEBUG 123180 --- [MainThread] [asyncio] Using selector: SelectSelector
2025-04-01 15:42:30,616     DEBUG 123180 --- [MainThread] [scrapy.utils.log] Using reactor: twisted.internet.asyncioreactor.AsyncioSelectorReactor
2025-04-01 15:42:30,616     DEBUG 123180 --- [MainThread] [scrapy.utils.log] Using asyncio event loop: asyncio.windows_events._WindowsSelectorEventLoop
2025-04-01 15:42:30,616     DEBUG 123180 --- [MainThread] [scrapy.utils.log] Using reactor: twisted.internet.asyncioreactor.AsyncioSelectorReactor
2025-04-01 15:42:30,616     DEBUG 123180 --- [MainThread] [scrapy.utils.log] Using asyncio event loop: asyncio.windows_events._WindowsSelectorEventLoop
2025-04-01 15:42:30,629      INFO 123180 --- [MainThread] [scrapy.extensions.telnet] Telnet Password: ff5d7978eb592a1b
2025-04-01 15:42:30,654      INFO 123180 --- [MainThread] [scrapy.middleware] Enabled extensions:
['scrapy.extensions.corestats.CoreStats',
 'scrapy.extensions.telnet.TelnetConsole',
 'scrapy.extensions.logstats.LogStats']
2025-04-01 15:42:30,655      INFO 123180 --- [MainThread] [scrapy.crawler] Overridden settings:
{'BOT_NAME': 'job_scrap_20250401154230',
 'CONCURRENT_REQUESTS': 1000,
 'FEED_EXPORT_ENCODING': 'utf-8',
 'LOG_LEVEL': 'INFO',
 'NEWSPIDER_MODULE': 'job_scrap.spiders',
 'ROBOTSTXT_OBEY': True,
 'SPIDER_MODULES': ['job_scrap.spiders'],
 'TWISTED_REACTOR': 'twisted.internet.asyncioreactor.AsyncioSelectorReactor'}
2025-04-01 15:42:31,499      INFO 123180 --- [MainThread] [scrapy.middleware] Enabled downloader middlewares:
['scrapy.downloadermiddlewares.offsite.OffsiteMiddleware',
 'scrapy.downloadermiddlewares.robotstxt.RobotsTxtMiddleware',
 'scrapy.downloadermiddlewares.httpauth.HttpAuthMiddleware',
 'scrapy.downloadermiddlewares.downloadtimeout.DownloadTimeoutMiddleware',
 'scrapy.downloadermiddlewares.defaultheaders.DefaultHeadersMiddleware',
 'scrapy.downloadermiddlewares.useragent.UserAgentMiddleware',
 'scrapy.downloadermiddlewares.retry.RetryMiddleware',
 'scrapy.downloadermiddlewares.redirect.MetaRefreshMiddleware',
 'scrapy.downloadermiddlewares.httpcompression.HttpCompressionMiddleware',
 'scrapy.downloadermiddlewares.redirect.RedirectMiddleware',
 'scrapy.downloadermiddlewares.cookies.CookiesMiddleware',
 'scrapy.downloadermiddlewares.httpproxy.HttpProxyMiddleware',
 'scrapy.downloadermiddlewares.stats.DownloaderStats']
2025-04-01 15:42:31,518      INFO 123180 --- [MainThread] [scrapy.middleware] Enabled spider middlewares:
['scrapy.spidermiddlewares.httperror.HttpErrorMiddleware',
 'scrapy.spidermiddlewares.referer.RefererMiddleware',
 'scrapy.spidermiddlewares.urllength.UrlLengthMiddleware',
 'scrapy.spidermiddlewares.depth.DepthMiddleware']
2025-04-01 15:42:31,520      INFO 123180 --- [MainThread] [scrapy.middleware] Enabled item pipelines:
[]
2025-04-01 15:42:31,521      INFO 123180 --- [MainThread] [scrapy.core.engine] Spider opened
2025-04-01 15:42:31,566      INFO 123180 --- [MainThread] [scrapy.extensions.logstats] Crawled 0 pages (at 0 pages/min), scraped 0 items (at 0 items/min)
2025-04-01 15:42:31,567      INFO 123180 --- [MainThread] [scrapy.extensions.telnet] Telnet console listening on 127.0.0.1:6023
2025-04-01 15:42:32,297     DEBUG 123180 --- [MainThread] [scrapy.core.engine] Crawled (200) <GET https://www.infotech.com.hk/robots.txt> (referer: None)
2025-04-01 15:42:32,297     DEBUG 123180 --- [MainThread] [protego] Rule at line 4 without any user agent to enforce it on.
2025-04-01 15:42:32,298     DEBUG 123180 --- [MainThread] [protego] Rule at line 65 without any user agent to enforce it on.
2025-04-01 15:42:32,298     DEBUG 123180 --- [MainThread] [protego] Rule at line 66 without any user agent to enforce it on.
2025-04-01 15:42:32,298     DEBUG 123180 --- [MainThread] [protego] Rule at line 67 without any user agent to enforce it on.
2025-04-01 15:42:32,298     DEBUG 123180 --- [MainThread] [protego] Rule at line 68 without any user agent to enforce it on.
2025-04-01 15:42:32,298     DEBUG 123180 --- [MainThread] [protego] Rule at line 202 without any user agent to enforce it on.
2025-04-01 15:43:31,580      INFO 123180 --- [MainThread] [scrapy.extensions.logstats] Crawled 1 pages (at 1 pages/min), scraped 0 items (at 0 items/min)
2025-04-01 15:44:31,577      INFO 123180 --- [MainThread] [scrapy.extensions.logstats] Crawled 1 pages (at 0 pages/min), scraped 0 items (at 0 items/min)
2025-04-01 15:44:32,942     DEBUG 123180 --- [MainThread] [scrapy.downloadermiddlewares.retry] Retrying <GET https://www.infotech.com.hk/itjs/job/fe-search.do?method=feList> (failed 1 times): [<twisted.python.failure.Failure twisted.internet.error.ConnectionLost: Connection to the other side was lost in a non-clean fashion: Connection lost.>]
2025-04-01 15:45:31,571      INFO 123180 --- [MainThread] [scrapy.extensions.logstats] Crawled 1 pages (at 0 pages/min), scraped 0 items (at 0 items/min)
2025-04-01 15:45:33,480     DEBUG 123180 --- [MainThread] [scrapy.downloadermiddlewares.retry] Retrying <GET https://www.infotech.com.hk/itjs/job/fe-search.do?method=feList> (failed 2 times): [<twisted.python.failure.Failure twisted.internet.error.ConnectionLost: Connection to the other side was lost in a non-clean fashion: Connection lost.>]
2025-04-01 15:46:31,609      INFO 123180 --- [MainThread] [scrapy.extensions.logstats] Crawled 1 pages (at 0 pages/min), scraped 0 items (at 0 items/min)
2025-04-01 15:46:34,031     ERROR 123180 --- [MainThread] [scrapy.downloadermiddlewares.retry] Gave up retrying <GET https://www.infotech.com.hk/itjs/job/fe-search.do?method=feList> (failed 3 times): [<twisted.python.failure.Failure twisted.internet.error.ConnectionLost: Connection to the other side was lost in a non-clean fashion: Connection lost.>]
2025-04-01 15:46:34,161     ERROR 123180 --- [MainThread] [scrapy.core.scraper] Error downloading <GET https://www.infotech.com.hk/itjs/job/fe-search.do?method=feList>
Traceback (most recent call last):
  File "C:\Users\wei_k\AppData\Local\Programs\Python\Python313\Lib\site-packages\twisted\internet\defer.py", line 2013, in _inlineCallbacks
    result = context.run(
        cast(Failure, result).throwExceptionIntoGenerator, gen
    )
  File "C:\Users\wei_k\AppData\Local\Programs\Python\Python313\Lib\site-packages\twisted\python\failure.py", line 467, in throwExceptionIntoGenerator
    return g.throw(self.value.with_traceback(self.tb))
           ~~~~~~~^^^^^^^^^^^^^^^^^^^^^^^^^^^^^^^^^^^^
  File "C:\Users\wei_k\AppData\Local\Programs\Python\Python313\Lib\site-packages\scrapy\core\downloader\middleware.py", line 68, in process_request
    return (yield download_func(request, spider))
            ^^^^^^^^^^^^^^^^^^^^^^^^^^^^^^^^^^^^
twisted.web._newclient.ResponseNeverReceived: [<twisted.python.failure.Failure twisted.internet.error.ConnectionLost: Connection to the other side was lost in a non-clean fashion: Connection lost.>]
2025-04-01 15:46:34,673      INFO 123180 --- [MainThread] [scrapy.core.engine] Closing spider (finished)
2025-04-01 15:46:34,706      INFO 123180 --- [MainThread] [job_spider] Spider started closed: finished
2025-04-01 15:46:39,707      INFO 123180 --- [MainThread] [job_spider] Spider closing: finished
2025-04-01 15:46:39,710     DEBUG 123180 --- [MainThread] [job_spider] parse completed
2025-04-01 15:46:39,711     DEBUG 123180 --- [MainThread] [job_spider] parse bk_checkfile_path : C:\interview\job_scrap\job_scrap_source\job_scrap\job_scrap_records\job_ads_20250401154230.csv
2025-04-01 15:46:39,711      INFO 123180 --- [MainThread] [job_spider] Spider completed closing: finished
2025-04-01 15:46:39,731      INFO 123180 --- [MainThread] [scrapy.statscollectors] Dumping Scrapy stats:
{'downloader/exception_count': 3,
 'downloader/exception_type_count/twisted.web._newclient.ResponseNeverReceived': 3,
 'downloader/request_bytes': 1133,
 'downloader/request_count': 4,
 'downloader/request_method_count/GET': 4,
 'downloader/response_bytes': 3502,
 'downloader/response_count': 1,
 'downloader/response_status_count/200': 1,
 'elapsed_time_seconds': 248.148932,
 'finish_reason': 'finished',
 'finish_time': datetime.datetime(2025, 4, 1, 7, 46, 39, 715138, tzinfo=datetime.timezone.utc),
 'httpcompression/response_bytes': 9968,
 'httpcompression/response_count': 1,
 'items_per_minute': None,
 'log_count/ERROR': 2,
 'log_count/INFO': 17,
 'response_received_count': 1,
 'responses_per_minute': None,
 'retry/count': 2,
 'retry/max_reached': 1,
 'retry/reason_count/twisted.web._newclient.ResponseNeverReceived': 2,
 'robotstxt/request_count': 1,
 'robotstxt/response_count': 1,
 'robotstxt/response_status_count/200': 1,
 'scheduler/dequeued': 3,
 'scheduler/dequeued/memory': 3,
 'scheduler/enqueued': 3,
 'scheduler/enqueued/memory': 3,
 'start_time': datetime.datetime(2025, 4, 1, 7, 42, 31, 566206, tzinfo=datetime.timezone.utc)}
2025-04-01 15:46:39,737      INFO 123180 --- [MainThread] [scrapy.core.engine] Spider closed (finished)
